<?xml version="1.0" encoding="UTF-8"?>
<!-- Generated by org.testng.reporters.JUnitReportReporter -->
<testsuite hostname="DESKTOP-83C0IKP" failures="0" tests="3" name="com.almosafer.api.ALMOSAFER_TASK" time="4.292" errors="0" timestamp="2024-09-22T22:46:13 GMT+03:00" skipped="0">
  <testcase classname="com.almosafer.api.ALMOSAFER_TASK" name="GET_aboutUsPage" time="1.830"/>
  <system-out/>
  <testcase classname="com.almosafer.api.ALMOSAFER_TASK" name="GET_FlightsMainPage" time="2.060"/>
  <system-out/>
  <testcase classname="com.almosafer.api.ALMOSAFER_TASK" name="POST_CMSPage" time="0.402"/>
  <system-out/>
</testsuite> <!-- com.almosafer.api.ALMOSAFER_TASK -->
