<?xml version="1.0" encoding="UTF-8"?>
<!-- Generated by org.testng.reporters.JUnitReportReporter -->
<testsuite hostname="DESKTOP-83C0IKP" failures="0" tests="1" name="com.almosafer.api.AppTest" time="0.008" errors="0" timestamp="2024-09-22T21:21:33 GMT+03:00" skipped="0">
  <testcase classname="com.almosafer.api.AppTest" name="shouldAnswerWithTrue" time="0.008"/>
  <system-out/>
</testsuite> <!-- com.almosafer.api.AppTest -->
